\BOOKMARK [0][-]{chapter.1}{The Story}{}% 1
\BOOKMARK [1][-]{section.1.1}{The Original WITTEM Code}{chapter.1}% 2
\BOOKMARK [1][-]{section.1.2}{The Pirate Way of Copyright}{chapter.1}% 3
\BOOKMARK [1][-]{section.1.3}{Political Goals and Code Modifications}{chapter.1}% 4
\BOOKMARK [2][-]{subsection.1.3.1}{Political Goals for Version 1}{section.1.3}% 5
\BOOKMARK [2][-]{subsection.1.3.2}{Code Modifications for Version 1}{section.1.3}% 6
\BOOKMARK [2][-]{subsection.1.3.3}{Political Goals for Version 2}{section.1.3}% 7
\BOOKMARK [2][-]{subsection.1.3.4}{Code Modifications for Version 2}{section.1.3}% 8
\BOOKMARK [0][-]{chapter.2}{The Code}{}% 9
\BOOKMARK [1][-]{section.2.1}{Works}{chapter.2}% 10
\BOOKMARK [0][-]{@AbsParagraph.P-1}{Works}{}% 11
\BOOKMARK [0][-]{@AbsParagraph.P-2}{Excluded works}{}% 12
\BOOKMARK [1][-]{section.2.2}{Authorship and Ownership}{@AbsParagraph.P-2}% 13
\BOOKMARK [0][-]{@AbsParagraph.P-3}{Authorship}{}% 14
\BOOKMARK [0][-]{@AbsParagraph.P-4}{Moral rights}{}% 15
\BOOKMARK [0][-]{@AbsParagraph.P-5}{Economic rights}{}% 16
\BOOKMARK [0][-]{@AbsParagraph.P-6}{Limits}{}% 17
\BOOKMARK [0][-]{@AbsParagraph.P-7}{Works made in the course of employment}{}% 18
\BOOKMARK [0][-]{@AbsParagraph.P-8}{Works made on commission}{}% 19
\BOOKMARK [1][-]{section.2.3}{Moral Rights}{@AbsParagraph.P-8}% 20
\BOOKMARK [0][-]{@AbsParagraph.P-9}{General}{}% 21
\BOOKMARK [0][-]{@AbsParagraph.P-10}{Right of divulgation}{}% 22
\BOOKMARK [0][-]{@AbsParagraph.P-11}{Right of attribution}{}% 23
\BOOKMARK [0][-]{@AbsParagraph.P-12}{Right of integrity}{}% 24
\BOOKMARK [0][-]{@AbsParagraph.P-13}{Consent}{}% 25
\BOOKMARK [0][-]{@AbsParagraph.P-14}{Interests of third parties}{}% 26
\BOOKMARK [1][-]{section.2.4}{Economic Rights}{@AbsParagraph.P-14}% 27
\BOOKMARK [0][-]{@AbsParagraph.P-15}{General}{}% 28
\BOOKMARK [0][-]{@AbsParagraph.P-16}{Claiming and duration of economic rights}{}% 29
\BOOKMARK [0][-]{@AbsParagraph.P-17}{Works excluded from claiming of economic rights}{}% 30
\BOOKMARK [0][-]{@AbsParagraph.P-18}{Right of reproduction}{}% 31
\BOOKMARK [0][-]{@AbsParagraph.P-19}{Right of distribution}{}% 32
\BOOKMARK [0][-]{@AbsParagraph.P-20}{Right of rental}{}% 33
\BOOKMARK [0][-]{@AbsParagraph.P-21}{Right of communication to the public}{}% 34
\BOOKMARK [0][-]{@AbsParagraph.P-22}{Right of adaptation}{}% 35
\BOOKMARK [0][-]{@AbsParagraph.P-23}{Subsequent exploitation}{}% 36
\BOOKMARK [1][-]{section.2.5}{Limitations}{@AbsParagraph.P-23}% 37
\BOOKMARK [0][-]{@AbsParagraph.P-24}{Uses with minimal economic significance}{}% 38
\BOOKMARK [0][-]{@AbsParagraph.P-25}{Uses for the purpose of freedom of expression and information}{}% 39
\BOOKMARK [0][-]{@AbsParagraph.P-26}{Uses permitted to promote social"002C political and cultural objectives}{}% 40
\BOOKMARK [0][-]{@AbsParagraph.P-27}{Uses for the purpose of enhancing competition}{}% 41
\BOOKMARK [0][-]{@AbsParagraph.P-28}{Further limitations}{}% 42
\BOOKMARK [0][-]{@AbsParagraph.P-29}{Relation with moral rights}{}% 43
\BOOKMARK [0][-]{@AbsParagraph.P-30}{Amount and collection of remuneration}{}% 44
\BOOKMARK [0][-]{@AbsParagraph.P-31}{Limitations prevailing over technical measures}{}% 45
